<?xml version="1.0" encoding="UTF-8"?>
<!-- Generated by org.testng.reporters.JUnitReportReporter -->
<testsuite skipped="0" hostname="AADWIVED-IN" name="Aconex.Aconex.MailTest" tests="1" failures="0" timestamp="2020-11-10T10:31:12 IST" time="50.209" errors="0">
  <testcase name="mailTest" time="50.209" classname="Aconex.Aconex.MailTest"/>
  <system-out/>
</testsuite> <!-- Aconex.Aconex.MailTest -->
