<?xml version="1.0" encoding="UTF-8"?>
<!-- Generated by org.testng.reporters.JUnitReportReporter -->
<testsuite skipped="0" hostname="AADWIVED-IN" name="com.oracle.aconex.qa.testcases.BlankMailPageTest" tests="1" failures="0" timestamp="2020-11-11T00:40:04 IST" time="88.698" errors="0">
  <testcase name="sendMailTest" time="88.698" classname="com.oracle.aconex.qa.testcases.BlankMailPageTest"/>
  <system-out/>
</testsuite> <!-- com.oracle.aconex.qa.testcases.BlankMailPageTest -->
