<?xml version="1.0" encoding="UTF-8"?>
<!-- Generated by org.testng.reporters.JUnitReportReporter -->
<testsuite skipped="0" hostname="AADWIVED-IN" name="com.oracle.aconex.qa.testcases.SendMailTest" tests="1" failures="0" timestamp="2020-11-11T17:23:42 IST" time="92.846" errors="0">
  <testcase name="sendMailTest" time="92.846" classname="com.oracle.aconex.qa.testcases.SendMailTest"/>
  <system-out/>
</testsuite> <!-- com.oracle.aconex.qa.testcases.SendMailTest -->
